F:\myfinal2\myfinal1\ip_core5\myproject\top.ngc 1578713804
ipcore_dir/Title1.ngc 1577868470
ipcore_dir/PLAY.ngc 1577786506
ipcore_dir/ACK.ngc 1577786086
ipcore_dir/CHOICE.ngc 1577786176
ipcore_dir/HINT_1.ngc 1577786206
ipcore_dir/fire11.ngc 1577818260
ipcore_dir/fire22.ngc 1577817402
ipcore_dir/Kong.ngc 1577867122
ipcore_dir/Kong2.ngc 1577867668
ipcore_dir/winbgg.ngc 1578292468
ipcore_dir/sign.ngc 1578295074
ipcore_dir/endd.ngc 1578291610
F:\myfinal2\myfinal1\ip_core5\myproject/SSeg7_Dev.ngc 1577786048
ipcore_dir/backgroundimg.ngc 1577786576
ipcore_dir/kongside_img.ngc 1577786622
ipcore_dir/oil_img.ngc 1577786632
ipcore_dir/ACKNOWLEDGE1.ngc 1577796206
ipcore_dir/HINT_2.ngc 1577786220
ipcore_dir/BARREL_ROLL1_img.ngc 1577786136
ipcore_dir/BARREL_ROLL2_img.ngc 1577786146
ipcore_dir/BARREL_ROLL3_img.ngc 1577786154
ipcore_dir/BARREL_ROLL4_img.ngc 1577786164
ipcore_dir/BARREL_FALL1_img.ngc 1577786116
ipcore_dir/BARREL_FALL2_img.ngc 1577786128
ipcore_dir/MARIO_STAND_img.ngc 1577786410
ipcore_dir/MARIO_WALK_LEFT1_img.ngc 1577786420
ipcore_dir/MARIO_WALK_LEFT2_img.ngc 1577786432
ipcore_dir/MARIO_WALK_LEFT3_img.ngc 1577786440
ipcore_dir/MARIO_WALK_RIGHT1_img.ngc 1577786470
ipcore_dir/MARIO_WALK_RIGHT2_img.ngc 1577786478
ipcore_dir/MARIO_WALK_RIGHT3_img.ngc 1577786490
ipcore_dir/MARIO_FLY_LEFT_img.ngc 1577786388
ipcore_dir/MARIO_FLY_RIGHT_img.ngc 1577786400
ipcore_dir/MARIO_CLAMP1_img.ngc 1577786316
ipcore_dir/MARIO_CLAMP2_img.ngc 1577786328
ipcore_dir/MARIO_DIE1_img.ngc 1577786340
ipcore_dir/MARIO_DIE2_img.ngc 1577786352
ipcore_dir/MARIO_DIE3_img.ngc 1577786362
ipcore_dir/MARIO_DIE4_img.ngc 1577786376
ipcore_dir/KONG_NORMAL_img.ngc 1577786306
ipcore_dir/KONG_GET_img.ngc 1577786284
ipcore_dir/KONG_HOLD_img.ngc 1577786294
ipcore_dir/KONG_DROP_img.ngc 1577786270
ipcore_dir/QUEUE_LEFT_img.ngc 1577786520
ipcore_dir/QUEUE_RIGHT_img.ngc 1577786528
OK
