Running: C:\Xilinx\14.7\ISE_DS\ISE\bin\nt64\unwrapped\fuse.exe -intstyle ise -incremental -lib unisims_ver -lib unimacro_ver -lib xilinxcorelib_ver -lib secureip -o C:/Users/dydxh/Project/testipcore/barrel_simu_isim_beh.exe -prj C:/Users/dydxh/Project/testipcore/barrel_simu_beh.prj work.barrel_simu work.glbl 
ISim P.20131013 (signature 0x7708f090)
Number of CPUs detected in this system: 4
Turning on mult-threading, number of parallel sub-compilation jobs: 8 
Determining compilation order of HDL files
Analyzing Verilog file "C:/Users/dydxh/Project/testipcore/rand_gen.v" into library work
WARNING:HDLCompiler:568 - "C:/Users/dydxh/Project/testipcore/rand_gen.v" Line 20: Constant value is truncated to fit in <32> bits.
Analyzing Verilog file "C:/Users/dydxh/Project/testipcore/barrel.v" into library work
Analyzing Verilog file "C:/Users/dydxh/Project/testipcore/barrel_simu.v" into library work
Analyzing Verilog file "C:/Xilinx/14.7/ISE_DS/ISE//verilog/src/glbl.v" into library work
Starting static elaboration
Completed static elaboration
Compiling module rand_gen
Compiling module barrel
Compiling module barrel_simu
Compiling module glbl
Time Resolution for simulation is 1ps.
Waiting for 1 sub-compilation(s) to finish...
Compiled 4 Verilog Units
Built simulation executable C:/Users/dydxh/Project/testipcore/barrel_simu_isim_beh.exe
Fuse Memory Usage: 29056 KB
Fuse CPU Usage: 311 ms
